<?xml version="1.0" encoding="UTF-8"?>
<coverage generated="1687820643547" clover="3.2.0">
  <project timestamp="1687820643547" name="All files">
    <metrics statements="49" coveredstatements="41" conditionals="10" coveredconditionals="7" methods="37" coveredmethods="27" elements="96" coveredelements="75" complexity="0" loc="49" ncloc="49" packages="1" files="1" classes="1"/>
    <file name="toDoList.js" path="C:\Users\Nhan\Documents\launch\core\JS130\lesson03\jest_testing\toDoList.js">
      <metrics statements="49" coveredstatements="41" conditionals="10" coveredconditionals="7" methods="37" coveredmethods="27"/>
      <line num="2" count="1" type="stmt"/>
      <line num="3" count="1" type="stmt"/>
      <line num="6" count="51" type="stmt"/>
      <line num="7" count="51" type="stmt"/>
      <line num="11" count="6" type="cond" truecount="2" falsecount="0"/>
      <line num="12" count="6" type="stmt"/>
      <line num="16" count="7" type="stmt"/>
      <line num="20" count="1" type="stmt"/>
      <line num="24" count="12" type="stmt"/>
      <line num="28" count="0" type="stmt"/>
      <line num="40" count="18" type="stmt"/>
      <line num="41" count="18" type="stmt"/>
      <line num="46" count="52" type="cond" truecount="2" falsecount="0"/>
      <line num="47" count="1" type="stmt"/>
      <line num="49" count="51" type="stmt"/>
      <line num="52" count="1" type="stmt"/>
      <line num="55" count="1" type="stmt"/>
      <line num="58" count="1" type="stmt"/>
      <line num="61" count="6" type="stmt"/>
      <line num="62" count="3" type="stmt"/>
      <line num="65" count="8" type="cond" truecount="2" falsecount="0"/>
      <line num="66" count="4" type="stmt"/>
      <line num="70" count="1" type="stmt"/>
      <line num="73" count="2" type="stmt"/>
      <line num="76" count="2" type="stmt"/>
      <line num="79" count="2" type="stmt"/>
      <line num="80" count="6" type="stmt"/>
      <line num="81" count="2" type="stmt"/>
      <line num="84" count="4" type="stmt"/>
      <line num="87" count="1" type="stmt"/>
      <line num="90" count="1" type="stmt"/>
      <line num="93" count="2" type="stmt"/>
      <line num="94" count="1" type="stmt"/>
      <line num="97" count="1" type="stmt"/>
      <line num="98" count="1" type="stmt"/>
      <line num="99" count="3" type="cond" truecount="1" falsecount="1"/>
      <line num="100" count="0" type="stmt"/>
      <line num="103" count="1" type="stmt"/>
      <line num="106" count="0" type="stmt"/>
      <line num="109" count="0" type="stmt"/>
      <line num="112" count="0" type="stmt"/>
      <line num="115" count="0" type="stmt"/>
      <line num="116" count="0" type="cond" truecount="0" falsecount="2"/>
      <line num="119" count="6" type="stmt"/>
      <line num="122" count="0" type="stmt"/>
      <line num="125" count="7" type="stmt"/>
      <line num="126" count="13" type="stmt"/>
      <line num="127" count="13" type="stmt"/>
      <line num="132" count="1" type="stmt"/>
    </file>
  </project>
</coverage>
