TN:
SF:toDoList.js
FN:5,(anonymous_0)
FN:10,(anonymous_1)
FN:15,(anonymous_2)
FN:19,(anonymous_3)
FN:23,(anonymous_4)
FN:27,(anonymous_5)
FN:39,(anonymous_6)
FN:45,(anonymous_7)
FN:51,(anonymous_8)
FN:54,(anonymous_9)
FN:57,(anonymous_10)
FN:60,(anonymous_11)
FN:69,(anonymous_12)
FN:70,(anonymous_13)
FN:72,(anonymous_14)
FN:75,(anonymous_15)
FN:78,(anonymous_16)
FN:80,(anonymous_17)
FN:83,(anonymous_18)
FN:86,(anonymous_19)
FN:89,(anonymous_20)
FN:92,(anonymous_21)
FN:96,(anonymous_22)
FN:98,(anonymous_23)
FN:105,(anonymous_24)
FN:106,(anonymous_25)
FN:108,(anonymous_26)
FN:109,(anonymous_27)
FN:111,(anonymous_28)
FN:112,(anonymous_29)
FN:114,(anonymous_30)
FN:118,(anonymous_31)
FN:119,(anonymous_32)
FN:121,(anonymous_33)
FN:122,(anonymous_34)
FN:124,(anonymous_35)
FN:125,(anonymous_36)
FNF:37
FNH:27
FNDA:51,(anonymous_0)
FNDA:6,(anonymous_1)
FNDA:7,(anonymous_2)
FNDA:1,(anonymous_3)
FNDA:12,(anonymous_4)
FNDA:0,(anonymous_5)
FNDA:18,(anonymous_6)
FNDA:52,(anonymous_7)
FNDA:1,(anonymous_8)
FNDA:1,(anonymous_9)
FNDA:1,(anonymous_10)
FNDA:6,(anonymous_11)
FNDA:1,(anonymous_12)
FNDA:1,(anonymous_13)
FNDA:2,(anonymous_14)
FNDA:2,(anonymous_15)
FNDA:2,(anonymous_16)
FNDA:6,(anonymous_17)
FNDA:4,(anonymous_18)
FNDA:1,(anonymous_19)
FNDA:1,(anonymous_20)
FNDA:2,(anonymous_21)
FNDA:1,(anonymous_22)
FNDA:3,(anonymous_23)
FNDA:0,(anonymous_24)
FNDA:0,(anonymous_25)
FNDA:0,(anonymous_26)
FNDA:0,(anonymous_27)
FNDA:0,(anonymous_28)
FNDA:0,(anonymous_29)
FNDA:0,(anonymous_30)
FNDA:2,(anonymous_31)
FNDA:6,(anonymous_32)
FNDA:0,(anonymous_33)
FNDA:0,(anonymous_34)
FNDA:7,(anonymous_35)
FNDA:13,(anonymous_36)
DA:2,1
DA:3,1
DA:6,51
DA:7,51
DA:11,6
DA:12,6
DA:16,7
DA:20,1
DA:24,12
DA:28,0
DA:40,18
DA:41,18
DA:46,52
DA:47,1
DA:49,51
DA:52,1
DA:55,1
DA:58,1
DA:61,6
DA:62,3
DA:65,8
DA:66,4
DA:70,1
DA:73,2
DA:76,2
DA:79,2
DA:80,6
DA:81,2
DA:84,4
DA:87,1
DA:90,1
DA:93,2
DA:94,1
DA:97,1
DA:98,1
DA:99,3
DA:100,0
DA:103,1
DA:106,0
DA:109,0
DA:112,0
DA:115,0
DA:116,0
DA:119,6
DA:122,0
DA:125,7
DA:126,13
DA:127,13
DA:132,1
LF:49
LH:41
BRDA:11,0,0,3
BRDA:11,0,1,3
BRDA:46,1,0,1
BRDA:46,1,1,51
BRDA:65,2,0,4
BRDA:65,2,1,4
BRDA:99,3,0,0
BRDA:99,3,1,3
BRDA:116,4,0,0
BRDA:116,4,1,0
BRF:10
BRH:7
end_of_record
